This file contains any messages produced by compilers while
running configure, to aid debugging if configure makes a mistake.

It was created by tetris configure 0.1, which was
generated by GNU Autoconf 2.69.  Invocation command line was

  $ ./configure --enable-maintainer-mode

## --------- ##
## Platform. ##
## --------- ##

hostname = ubuntu
uname -m = i686
uname -r = 3.5.0-19-generic
uname -s = Linux
uname -v = #30-Ubuntu SMP Tue Nov 13 17:49:53 UTC 2012

/usr/bin/uname -p = unknown
/bin/uname -X     = unknown

/bin/arch              = unknown
/usr/bin/arch -k       = unknown
/usr/convex/getsysinfo = unknown
/usr/bin/hostinfo      = unknown
/bin/machine           = unknown
/usr/bin/oslevel       = unknown
/bin/universe          = unknown

PATH: /usr/lib/lightdm/lightdm
PATH: /usr/local/sbin
PATH: /usr/local/bin
PATH: /usr/sbin
PATH: /usr/bin
PATH: /sbin
PATH: /bin
PATH: /usr/games
PATH: /usr/local/games


## ----------- ##
## Core tests. ##
## ----------- ##

configure:2310: checking for a BSD-compatible install
configure:2378: result: /usr/bin/install -c
configure:2389: checking whether build environment is sane
configure:2439: result: yes
configure:2580: checking for a thread-safe mkdir -p
configure:2619: result: /bin/mkdir -p
configure:2632: checking for gawk
configure:2662: result: no
configure:2632: checking for mawk
configure:2648: found /usr/bin/mawk
configure:2659: result: mawk
configure:2670: checking whether make sets $(MAKE)
configure:2692: result: yes
configure:2784: checking whether make supports nested variables
configure:2801: result: yes
configure:2871: checking for g++
configure:2887: found /usr/bin/g++
configure:2898: result: g++
configure:2925: checking for C++ compiler version
configure:2934: g++ --version >&5
g++ (Ubuntu/Linaro 4.7.2-2ubuntu1) 4.7.2
Copyright (C) 2012 Free Software Foundation, Inc.
This is free software; see the source for copying conditions.  There is NO
warranty; not even for MERCHANTABILITY or FITNESS FOR A PARTICULAR PURPOSE.

configure:2945: $? = 0
configure:2934: g++ -v >&5
Using built-in specs.
COLLECT_GCC=g++
COLLECT_LTO_WRAPPER=/usr/lib/gcc/i686-linux-gnu/4.7/lto-wrapper
Target: i686-linux-gnu
Configured with: ../src/configure -v --with-pkgversion='Ubuntu/Linaro 4.7.2-2ubuntu1' --with-bugurl=file:///usr/share/doc/gcc-4.7/README.Bugs --enable-languages=c,c++,go,fortran,objc,obj-c++ --prefix=/usr --program-suffix=-4.7 --enable-shared --enable-linker-build-id --with-system-zlib --libexecdir=/usr/lib --without-included-gettext --enable-threads=posix --with-gxx-include-dir=/usr/include/c++/4.7 --libdir=/usr/lib --enable-nls --with-sysroot=/ --enable-clocale=gnu --enable-libstdcxx-debug --enable-libstdcxx-time=yes --enable-gnu-unique-object --enable-plugin --enable-objc-gc --enable-targets=all --disable-werror --with-arch-32=i686 --with-tune=generic --enable-checking=release --build=i686-linux-gnu --host=i686-linux-gnu --target=i686-linux-gnu
Thread model: posix
gcc version 4.7.2 (Ubuntu/Linaro 4.7.2-2ubuntu1) 
configure:2945: $? = 0
configure:2934: g++ -V >&5
g++: error: unrecognized command line option '-V'
g++: fatal error: no input files
compilation terminated.
configure:2945: $? = 4
configure:2934: g++ -qversion >&5
g++: error: unrecognized command line option '-qversion'
g++: fatal error: no input files
compilation terminated.
configure:2945: $? = 4
configure:2965: checking whether the C++ compiler works
configure:2987: g++    conftest.cpp  >&5
configure:2991: $? = 0
configure:3039: result: yes
configure:3042: checking for C++ compiler default output file name
configure:3044: result: a.out
configure:3050: checking for suffix of executables
configure:3057: g++ -o conftest    conftest.cpp  >&5
configure:3061: $? = 0
configure:3083: result: 
configure:3105: checking whether we are cross compiling
configure:3113: g++ -o conftest    conftest.cpp  >&5
configure:3117: $? = 0
configure:3124: ./conftest
configure:3128: $? = 0
configure:3143: result: no
configure:3148: checking for suffix of object files
configure:3170: g++ -c   conftest.cpp >&5
configure:3174: $? = 0
configure:3195: result: o
configure:3199: checking whether we are using the GNU C++ compiler
configure:3218: g++ -c   conftest.cpp >&5
configure:3218: $? = 0
configure:3227: result: yes
configure:3236: checking whether g++ accepts -g
configure:3256: g++ -c -g  conftest.cpp >&5
configure:3256: $? = 0
configure:3297: result: yes
configure:3331: checking for style of include used by make
configure:3359: result: GNU
configure:3385: checking dependency style of g++
configure:3496: result: gcc3
configure:3519: WARNING: Libtool does not cope well with whitespace in `pwd`
configure:3546: checking build system type
configure:3560: result: i686-pc-linux-gnu
configure:3580: checking host system type
configure:3593: result: i686-pc-linux-gnu
configure:3634: checking how to print strings
configure:3661: result: printf
configure:3730: checking for gcc
configure:3746: found /usr/bin/gcc
configure:3757: result: gcc
configure:3986: checking for C compiler version
configure:3995: gcc --version >&5
gcc (Ubuntu/Linaro 4.7.2-2ubuntu1) 4.7.2
Copyright (C) 2012 Free Software Foundation, Inc.
This is free software; see the source for copying conditions.  There is NO
warranty; not even for MERCHANTABILITY or FITNESS FOR A PARTICULAR PURPOSE.

configure:4006: $? = 0
configure:3995: gcc -v >&5
Using built-in specs.
COLLECT_GCC=gcc
COLLECT_LTO_WRAPPER=/usr/lib/gcc/i686-linux-gnu/4.7/lto-wrapper
Target: i686-linux-gnu
Configured with: ../src/configure -v --with-pkgversion='Ubuntu/Linaro 4.7.2-2ubuntu1' --with-bugurl=file:///usr/share/doc/gcc-4.7/README.Bugs --enable-languages=c,c++,go,fortran,objc,obj-c++ --prefix=/usr --program-suffix=-4.7 --enable-shared --enable-linker-build-id --with-system-zlib --libexecdir=/usr/lib --without-included-gettext --enable-threads=posix --with-gxx-include-dir=/usr/include/c++/4.7 --libdir=/usr/lib --enable-nls --with-sysroot=/ --enable-clocale=gnu --enable-libstdcxx-debug --enable-libstdcxx-time=yes --enable-gnu-unique-object --enable-plugin --enable-objc-gc --enable-targets=all --disable-werror --with-arch-32=i686 --with-tune=generic --enable-checking=release --build=i686-linux-gnu --host=i686-linux-gnu --target=i686-linux-gnu
Thread model: posix
gcc version 4.7.2 (Ubuntu/Linaro 4.7.2-2ubuntu1) 
configure:4006: $? = 0
configure:3995: gcc -V >&5
gcc: error: unrecognized command line option '-V'
gcc: fatal error: no input files
compilation terminated.
configure:4006: $? = 4
configure:3995: gcc -qversion >&5
gcc: error: unrecognized command line option '-qversion'
gcc: fatal error: no input files
compilation terminated.
configure:4006: $? = 4
configure:4010: checking whether we are using the GNU C compiler
configure:4029: gcc -c   conftest.c >&5
configure:4029: $? = 0
configure:4038: result: yes
configure:4047: checking whether gcc accepts -g
configure:4067: gcc -c -g  conftest.c >&5
configure:4067: $? = 0
configure:4108: result: yes
configure:4125: checking for gcc option to accept ISO C89
configure:4188: gcc  -c -g -O2  conftest.c >&5
configure:4188: $? = 0
configure:4201: result: none needed
configure:4223: checking dependency style of gcc
configure:4334: result: gcc3
configure:4349: checking for a sed that does not truncate output
configure:4413: result: /bin/sed
configure:4431: checking for grep that handles long lines and -e
configure:4489: result: /bin/grep
configure:4494: checking for egrep
configure:4556: result: /bin/grep -E
configure:4561: checking for fgrep
configure:4623: result: /bin/grep -F
configure:4658: checking for ld used by gcc
configure:4725: result: /usr/bin/ld
configure:4732: checking if the linker (/usr/bin/ld) is GNU ld
configure:4747: result: yes
configure:4759: checking for BSD- or MS-compatible name lister (nm)
configure:4808: result: /usr/bin/nm -B
configure:4938: checking the name lister (/usr/bin/nm -B) interface
configure:4945: gcc -c -g -O2  conftest.c >&5
configure:4948: /usr/bin/nm -B "conftest.o"
configure:4951: output
00000000 B some_variable
configure:4958: result: BSD nm
configure:4961: checking whether ln -s works
configure:4965: result: yes
configure:4973: checking the maximum length of command line arguments
configure:5103: result: 1572864
configure:5120: checking whether the shell understands some XSI constructs
configure:5130: result: yes
configure:5134: checking whether the shell understands "+="
configure:5140: result: yes
configure:5175: checking how to convert i686-pc-linux-gnu file names to i686-pc-linux-gnu format
configure:5215: result: func_convert_file_noop
configure:5222: checking how to convert i686-pc-linux-gnu file names to toolchain format
configure:5242: result: func_convert_file_noop
configure:5249: checking for /usr/bin/ld option to reload object files
configure:5256: result: -r
configure:5330: checking for objdump
configure:5346: found /usr/bin/objdump
configure:5357: result: objdump
configure:5389: checking how to recognize dependent libraries
configure:5591: result: pass_all
configure:5676: checking for dlltool
configure:5706: result: no
configure:5736: checking how to associate runtime and link libraries
configure:5763: result: printf %s\n
configure:5824: checking for ar
configure:5840: found /usr/bin/ar
configure:5851: result: ar
configure:5888: checking for archiver @FILE support
configure:5905: gcc -c -g -O2  conftest.c >&5
configure:5905: $? = 0
configure:5908: ar cru libconftest.a @conftest.lst >&5
configure:5911: $? = 0
configure:5916: ar cru libconftest.a @conftest.lst >&5
ar: conftest.o: No such file or directory
configure:5919: $? = 1
configure:5931: result: @
configure:5989: checking for strip
configure:6005: found /usr/bin/strip
configure:6016: result: strip
configure:6088: checking for ranlib
configure:6104: found /usr/bin/ranlib
configure:6115: result: ranlib
configure:6217: checking command to parse /usr/bin/nm -B output from gcc object
configure:6337: gcc -c -g -O2  conftest.c >&5
configure:6340: $? = 0
configure:6344: /usr/bin/nm -B conftest.o \| sed -n -e 's/^.*[ ]\([ABCDGIRSTW][ABCDGIRSTW]*\)[ ][ ]*\([_A-Za-z][_A-Za-z0-9]*\)$/\1 \2 \2/p' | sed '/ __gnu_lto/d' \> conftest.nm
configure:6347: $? = 0
configure:6413: gcc -o conftest -g -O2   conftest.c conftstm.o >&5
configure:6416: $? = 0
configure:6454: result: ok
configure:6491: checking for sysroot
configure:6521: result: no
configure:6777: checking for mt
configure:6793: found /bin/mt
configure:6804: result: mt
configure:6827: checking if mt is a manifest tool
configure:6833: mt '-?'
configure:6841: result: no
configure:7483: checking how to run the C preprocessor
configure:7514: gcc -E  conftest.c
configure:7514: $? = 0
configure:7528: gcc -E  conftest.c
conftest.c:11:28: fatal error: ac_nonexistent.h: No such file or directory
compilation terminated.
configure:7528: $? = 1
configure: failed program was:
| /* confdefs.h */
| #define PACKAGE_NAME "tetris"
| #define PACKAGE_TARNAME "tetris"
| #define PACKAGE_VERSION "0.1"
| #define PACKAGE_STRING "tetris 0.1"
| #define PACKAGE_BUGREPORT ""
| #define PACKAGE_URL ""
| #define PACKAGE "tetris"
| #define VERSION "0.1"
| /* end confdefs.h.  */
| #include <ac_nonexistent.h>
configure:7553: result: gcc -E
configure:7573: gcc -E  conftest.c
configure:7573: $? = 0
configure:7587: gcc -E  conftest.c
conftest.c:11:28: fatal error: ac_nonexistent.h: No such file or directory
compilation terminated.
configure:7587: $? = 1
configure: failed program was:
| /* confdefs.h */
| #define PACKAGE_NAME "tetris"
| #define PACKAGE_TARNAME "tetris"
| #define PACKAGE_VERSION "0.1"
| #define PACKAGE_STRING "tetris 0.1"
| #define PACKAGE_BUGREPORT ""
| #define PACKAGE_URL ""
| #define PACKAGE "tetris"
| #define VERSION "0.1"
| /* end confdefs.h.  */
| #include <ac_nonexistent.h>
configure:7616: checking for ANSI C header files
configure:7636: gcc -c -g -O2  conftest.c >&5
configure:7636: $? = 0
configure:7709: gcc -o conftest -g -O2   conftest.c  >&5
configure:7709: $? = 0
configure:7709: ./conftest
configure:7709: $? = 0
configure:7720: result: yes
configure:7733: checking for sys/types.h
configure:7733: gcc -c -g -O2  conftest.c >&5
configure:7733: $? = 0
configure:7733: result: yes
configure:7733: checking for sys/stat.h
configure:7733: gcc -c -g -O2  conftest.c >&5
configure:7733: $? = 0
configure:7733: result: yes
configure:7733: checking for stdlib.h
configure:7733: gcc -c -g -O2  conftest.c >&5
configure:7733: $? = 0
configure:7733: result: yes
configure:7733: checking for string.h
configure:7733: gcc -c -g -O2  conftest.c >&5
configure:7733: $? = 0
configure:7733: result: yes
configure:7733: checking for memory.h
configure:7733: gcc -c -g -O2  conftest.c >&5
configure:7733: $? = 0
configure:7733: result: yes
configure:7733: checking for strings.h
configure:7733: gcc -c -g -O2  conftest.c >&5
configure:7733: $? = 0
configure:7733: result: yes
configure:7733: checking for inttypes.h
configure:7733: gcc -c -g -O2  conftest.c >&5
configure:7733: $? = 0
configure:7733: result: yes
configure:7733: checking for stdint.h
configure:7733: gcc -c -g -O2  conftest.c >&5
configure:7733: $? = 0
configure:7733: result: yes
configure:7733: checking for unistd.h
configure:7733: gcc -c -g -O2  conftest.c >&5
configure:7733: $? = 0
configure:7733: result: yes
configure:7747: checking for dlfcn.h
configure:7747: gcc -c -g -O2  conftest.c >&5
configure:7747: $? = 0
configure:7747: result: yes
configure:7964: checking for objdir
configure:7979: result: .libs
configure:8246: checking if gcc supports -fno-rtti -fno-exceptions
configure:8264: gcc -c -g -O2  -fno-rtti -fno-exceptions conftest.c >&5
cc1: warning: command line option '-fno-rtti' is valid for C++/ObjC++ but not for C [enabled by default]
configure:8268: $? = 0
configure:8281: result: no
configure:8608: checking for gcc option to produce PIC
configure:8615: result: -fPIC -DPIC
configure:8623: checking if gcc PIC flag -fPIC -DPIC works
configure:8641: gcc -c -g -O2  -fPIC -DPIC -DPIC conftest.c >&5
configure:8645: $? = 0
configure:8658: result: yes
configure:8687: checking if gcc static flag -static works
configure:8715: result: yes
configure:8730: checking if gcc supports -c -o file.o
configure:8751: gcc -c -g -O2  -o out/conftest2.o conftest.c >&5
configure:8755: $? = 0
configure:8777: result: yes
configure:8785: checking if gcc supports -c -o file.o
configure:8832: result: yes
configure:8865: checking whether the gcc linker (/usr/bin/ld) supports shared libraries
configure:10022: result: yes
configure:10059: checking whether -lc should be explicitly linked in
configure:10067: gcc -c -g -O2  conftest.c >&5
configure:10070: $? = 0
configure:10085: gcc -shared  -fPIC -DPIC conftest.o  -v -Wl,-soname -Wl,conftest -o conftest 2\>\&1 \| /bin/grep  -lc  \>/dev/null 2\>\&1
configure:10088: $? = 0
configure:10102: result: no
configure:10262: checking dynamic linker characteristics
configure:10773: gcc -o conftest -g -O2   -Wl,-rpath -Wl,/foo conftest.c  >&5
configure:10773: $? = 0
configure:11007: result: GNU/Linux ld.so
configure:11114: checking how to hardcode library paths into programs
configure:11139: result: immediate
configure:11679: checking whether stripping libraries is possible
configure:11684: result: yes
configure:11719: checking if libtool supports shared libraries
configure:11721: result: yes
configure:11724: checking whether to build shared libraries
configure:11745: result: yes
configure:11748: checking whether to build static libraries
configure:11752: result: yes
configure:11775: checking how to run the C++ preprocessor
configure:11802: g++ -E  conftest.cpp
configure:11802: $? = 0
configure:11816: g++ -E  conftest.cpp
conftest.cpp:23:28: fatal error: ac_nonexistent.h: No such file or directory
compilation terminated.
configure:11816: $? = 1
configure: failed program was:
| /* confdefs.h */
| #define PACKAGE_NAME "tetris"
| #define PACKAGE_TARNAME "tetris"
| #define PACKAGE_VERSION "0.1"
| #define PACKAGE_STRING "tetris 0.1"
| #define PACKAGE_BUGREPORT ""
| #define PACKAGE_URL ""
| #define PACKAGE "tetris"
| #define VERSION "0.1"
| #define STDC_HEADERS 1
| #define HAVE_SYS_TYPES_H 1
| #define HAVE_SYS_STAT_H 1
| #define HAVE_STDLIB_H 1
| #define HAVE_STRING_H 1
| #define HAVE_MEMORY_H 1
| #define HAVE_STRINGS_H 1
| #define HAVE_INTTYPES_H 1
| #define HAVE_STDINT_H 1
| #define HAVE_UNISTD_H 1
| #define HAVE_DLFCN_H 1
| #define LT_OBJDIR ".libs/"
| /* end confdefs.h.  */
| #include <ac_nonexistent.h>
configure:11841: result: g++ -E
configure:11861: g++ -E  conftest.cpp
configure:11861: $? = 0
configure:11875: g++ -E  conftest.cpp
conftest.cpp:23:28: fatal error: ac_nonexistent.h: No such file or directory
compilation terminated.
configure:11875: $? = 1
configure: failed program was:
| /* confdefs.h */
| #define PACKAGE_NAME "tetris"
| #define PACKAGE_TARNAME "tetris"
| #define PACKAGE_VERSION "0.1"
| #define PACKAGE_STRING "tetris 0.1"
| #define PACKAGE_BUGREPORT ""
| #define PACKAGE_URL ""
| #define PACKAGE "tetris"
| #define VERSION "0.1"
| #define STDC_HEADERS 1
| #define HAVE_SYS_TYPES_H 1
| #define HAVE_SYS_STAT_H 1
| #define HAVE_STDLIB_H 1
| #define HAVE_STRING_H 1
| #define HAVE_MEMORY_H 1
| #define HAVE_STRINGS_H 1
| #define HAVE_INTTYPES_H 1
| #define HAVE_STDINT_H 1
| #define HAVE_UNISTD_H 1
| #define HAVE_DLFCN_H 1
| #define LT_OBJDIR ".libs/"
| /* end confdefs.h.  */
| #include <ac_nonexistent.h>
configure:12044: checking for ld used by g++
configure:12111: result: /usr/bin/ld
configure:12118: checking if the linker (/usr/bin/ld) is GNU ld
configure:12133: result: yes
configure:12188: checking whether the g++ linker (/usr/bin/ld) supports shared libraries
configure:13193: result: yes
configure:13229: g++ -c -g -O2  conftest.cpp >&5
configure:13232: $? = 0
configure:13752: checking for g++ option to produce PIC
configure:13759: result: -fPIC -DPIC
configure:13767: checking if g++ PIC flag -fPIC -DPIC works
configure:13785: g++ -c -g -O2  -fPIC -DPIC -DPIC conftest.cpp >&5
configure:13789: $? = 0
configure:13802: result: yes
configure:13825: checking if g++ static flag -static works
configure:13853: result: yes
configure:13865: checking if g++ supports -c -o file.o
configure:13886: g++ -c -g -O2  -o out/conftest2.o conftest.cpp >&5
configure:13890: $? = 0
configure:13912: result: yes
configure:13917: checking if g++ supports -c -o file.o
configure:13964: result: yes
configure:13994: checking whether the g++ linker (/usr/bin/ld) supports shared libraries
configure:14033: result: yes
configure:14174: checking dynamic linker characteristics
configure:14853: result: GNU/Linux ld.so
configure:14906: checking how to hardcode library paths into programs
configure:14931: result: immediate
configure:15049: checking for pkg-config
configure:15067: found /usr/bin/pkg-config
configure:15079: result: /usr/bin/pkg-config
configure:15104: checking pkg-config is at least version 0.9.0
configure:15107: result: yes
configure:15117: checking for TETRIS
configure:15124: $PKG_CONFIG --exists --print-errors "gtkmm-3.0 "
configure:15127: $? = 0
configure:15141: $PKG_CONFIG --exists --print-errors "gtkmm-3.0 "
configure:15144: $? = 0
configure:15202: result: yes
configure:15346: creating ./config.status

## ---------------------- ##
## Running config.status. ##
## ---------------------- ##

This file was extended by tetris config.status 0.1, which was
generated by GNU Autoconf 2.69.  Invocation command line was

  CONFIG_FILES    = 
  CONFIG_HEADERS  = 
  CONFIG_LINKS    = 
  CONFIG_COMMANDS = 
  $ ./config.status 

on ubuntu

config.status:1155: creating Makefile
config.status:1155: creating src/Makefile
config.status:1155: creating config.h
config.status:1384: executing depfiles commands
config.status:1384: executing libtool commands
configure:17834: WARNING: unrecognized options: --enable-maintainer-mode

## ---------------- ##
## Cache variables. ##
## ---------------- ##

ac_cv_build=i686-pc-linux-gnu
ac_cv_c_compiler_gnu=yes
ac_cv_cxx_compiler_gnu=yes
ac_cv_env_CCC_set=
ac_cv_env_CCC_value=
ac_cv_env_CC_set=
ac_cv_env_CC_value=
ac_cv_env_CFLAGS_set=
ac_cv_env_CFLAGS_value=
ac_cv_env_CPPFLAGS_set=
ac_cv_env_CPPFLAGS_value=
ac_cv_env_CPP_set=
ac_cv_env_CPP_value=
ac_cv_env_CXXCPP_set=
ac_cv_env_CXXCPP_value=
ac_cv_env_CXXFLAGS_set=
ac_cv_env_CXXFLAGS_value=
ac_cv_env_CXX_set=
ac_cv_env_CXX_value=
ac_cv_env_LDFLAGS_set=
ac_cv_env_LDFLAGS_value=
ac_cv_env_LIBS_set=
ac_cv_env_LIBS_value=
ac_cv_env_PKG_CONFIG_LIBDIR_set=
ac_cv_env_PKG_CONFIG_LIBDIR_value=
ac_cv_env_PKG_CONFIG_PATH_set=
ac_cv_env_PKG_CONFIG_PATH_value=
ac_cv_env_PKG_CONFIG_set=
ac_cv_env_PKG_CONFIG_value=
ac_cv_env_TETRIS_CFLAGS_set=
ac_cv_env_TETRIS_CFLAGS_value=
ac_cv_env_TETRIS_LIBS_set=
ac_cv_env_TETRIS_LIBS_value=
ac_cv_env_build_alias_set=
ac_cv_env_build_alias_value=
ac_cv_env_host_alias_set=
ac_cv_env_host_alias_value=
ac_cv_env_target_alias_set=
ac_cv_env_target_alias_value=
ac_cv_header_dlfcn_h=yes
ac_cv_header_inttypes_h=yes
ac_cv_header_memory_h=yes
ac_cv_header_stdc=yes
ac_cv_header_stdint_h=yes
ac_cv_header_stdlib_h=yes
ac_cv_header_string_h=yes
ac_cv_header_strings_h=yes
ac_cv_header_sys_stat_h=yes
ac_cv_header_sys_types_h=yes
ac_cv_header_unistd_h=yes
ac_cv_host=i686-pc-linux-gnu
ac_cv_objext=o
ac_cv_path_EGREP='/bin/grep -E'
ac_cv_path_FGREP='/bin/grep -F'
ac_cv_path_GREP=/bin/grep
ac_cv_path_SED=/bin/sed
ac_cv_path_ac_pt_PKG_CONFIG=/usr/bin/pkg-config
ac_cv_path_install='/usr/bin/install -c'
ac_cv_path_mkdir=/bin/mkdir
ac_cv_prog_AWK=mawk
ac_cv_prog_CPP='gcc -E'
ac_cv_prog_CXXCPP='g++ -E'
ac_cv_prog_ac_ct_AR=ar
ac_cv_prog_ac_ct_CC=gcc
ac_cv_prog_ac_ct_CXX=g++
ac_cv_prog_ac_ct_MANIFEST_TOOL=mt
ac_cv_prog_ac_ct_OBJDUMP=objdump
ac_cv_prog_ac_ct_RANLIB=ranlib
ac_cv_prog_ac_ct_STRIP=strip
ac_cv_prog_cc_c89=
ac_cv_prog_cc_g=yes
ac_cv_prog_cxx_g=yes
ac_cv_prog_make_make_set=yes
am_cv_CC_dependencies_compiler_type=gcc3
am_cv_CXX_dependencies_compiler_type=gcc3
am_cv_make_support_nested_variables=yes
lt_cv_ar_at_file=@
lt_cv_archive_cmds_need_lc=no
lt_cv_deplibs_check_method=pass_all
lt_cv_file_magic_cmd='$MAGIC_CMD'
lt_cv_file_magic_test_file=
lt_cv_ld_reload_flag=-r
lt_cv_nm_interface='BSD nm'
lt_cv_objdir=.libs
lt_cv_path_LD=/usr/bin/ld
lt_cv_path_LDCXX=/usr/bin/ld
lt_cv_path_NM='/usr/bin/nm -B'
lt_cv_path_mainfest_tool=no
lt_cv_prog_compiler_c_o=yes
lt_cv_prog_compiler_c_o_CXX=yes
lt_cv_prog_compiler_pic='-fPIC -DPIC'
lt_cv_prog_compiler_pic_CXX='-fPIC -DPIC'
lt_cv_prog_compiler_pic_works=yes
lt_cv_prog_compiler_pic_works_CXX=yes
lt_cv_prog_compiler_rtti_exceptions=no
lt_cv_prog_compiler_static_works=yes
lt_cv_prog_compiler_static_works_CXX=yes
lt_cv_prog_gnu_ld=yes
lt_cv_prog_gnu_ldcxx=yes
lt_cv_sharedlib_from_linklib_cmd='printf %s\n'
lt_cv_shlibpath_overrides_runpath=no
lt_cv_sys_global_symbol_pipe='sed -n -e '\''s/^.*[	 ]\([ABCDGIRSTW][ABCDGIRSTW]*\)[	 ][	 ]*\([_A-Za-z][_A-Za-z0-9]*\)$/\1 \2 \2/p'\'' | sed '\''/ __gnu_lto/d'\'''
lt_cv_sys_global_symbol_to_c_name_address='sed -n -e '\''s/^: \([^ ]*\)[ ]*$/  {\"\1\", (void *) 0},/p'\'' -e '\''s/^[ABCDGIRSTW]* \([^ ]*\) \([^ ]*\)$/  {"\2", (void *) \&\2},/p'\'''
lt_cv_sys_global_symbol_to_c_name_address_lib_prefix='sed -n -e '\''s/^: \([^ ]*\)[ ]*$/  {\"\1\", (void *) 0},/p'\'' -e '\''s/^[ABCDGIRSTW]* \([^ ]*\) \(lib[^ ]*\)$/  {"\2", (void *) \&\2},/p'\'' -e '\''s/^[ABCDGIRSTW]* \([^ ]*\) \([^ ]*\)$/  {"lib\2", (void *) \&\2},/p'\'''
lt_cv_sys_global_symbol_to_cdecl='sed -n -e '\''s/^T .* \(.*\)$/extern int \1();/p'\'' -e '\''s/^[ABCDGIRSTW]* .* \(.*\)$/extern char \1;/p'\'''
lt_cv_sys_max_cmd_len=1572864
lt_cv_to_host_file_cmd=func_convert_file_noop
lt_cv_to_tool_file_cmd=func_convert_file_noop
pkg_cv_TETRIS_CFLAGS='-pthread -I/usr/include/gtkmm-3.0 -I/usr/lib/i386-linux-gnu/gtkmm-3.0/include -I/usr/include/atkmm-1.6 -I/usr/include/giomm-2.4 -I/usr/lib/i386-linux-gnu/giomm-2.4/include -I/usr/include/pangomm-1.4 -I/usr/lib/i386-linux-gnu/pangomm-1.4/include -I/usr/include/gtk-3.0 -I/usr/include/cairomm-1.0 -I/usr/lib/i386-linux-gnu/cairomm-1.0/include -I/usr/include/gdk-pixbuf-2.0 -I/usr/include/gtk-3.0/unix-print -I/usr/include/gdkmm-3.0 -I/usr/lib/i386-linux-gnu/gdkmm-3.0/include -I/usr/include/atk-1.0 -I/usr/include/glibmm-2.4 -I/usr/lib/i386-linux-gnu/glibmm-2.4/include -I/usr/include/glib-2.0 -I/usr/lib/i386-linux-gnu/glib-2.0/include -I/usr/include/sigc++-2.0 -I/usr/lib/i386-linux-gnu/sigc++-2.0/include -I/usr/include/pango-1.0 -I/usr/include/cairo -I/usr/include/pixman-1 -I/usr/include/freetype2 -I/usr/include/libpng12 -I/usr/include/at-spi2-atk/2.0 -I/usr/include/gio-unix-2.0/  '
pkg_cv_TETRIS_LIBS='-lgtkmm-3.0 -latkmm-1.6 -lgdkmm-3.0 -lgiomm-2.4 -lpangomm-1.4 -lgtk-3 -lglibmm-2.4 -lcairomm-1.0 -lgdk-3 -latk-1.0 -lgio-2.0 -lpangocairo-1.0 -lgdk_pixbuf-2.0 -lcairo-gobject -lpango-1.0 -lcairo -lsigc-2.0 -lgobject-2.0 -lglib-2.0  '

## ----------------- ##
## Output variables. ##
## ----------------- ##

ACLOCAL='${SHELL} "/home/marcin/Pulpit/Projekt C++/missing" --run aclocal-1.11'
AMDEPBACKSLASH='\'
AMDEP_FALSE='#'
AMDEP_TRUE=''
AMTAR='$${TAR-tar}'
AM_BACKSLASH='\'
AM_DEFAULT_V='$(AM_DEFAULT_VERBOSITY)'
AM_DEFAULT_VERBOSITY='0'
AM_V='$(V)'
AR='ar'
AUTOCONF='${SHELL} "/home/marcin/Pulpit/Projekt C++/missing" --run autoconf'
AUTOHEADER='${SHELL} "/home/marcin/Pulpit/Projekt C++/missing" --run autoheader'
AUTOMAKE='${SHELL} "/home/marcin/Pulpit/Projekt C++/missing" --run automake-1.11'
AWK='mawk'
CC='gcc'
CCDEPMODE='depmode=gcc3'
CFLAGS='-g -O2'
CPP='gcc -E'
CPPFLAGS=''
CXX='g++'
CXXCPP='g++ -E'
CXXDEPMODE='depmode=gcc3'
CXXFLAGS='-g -O2'
CYGPATH_W='echo'
DEFS='-DHAVE_CONFIG_H'
DEPDIR='.deps'
DLLTOOL='false'
DSYMUTIL=''
DUMPBIN=''
ECHO_C=''
ECHO_N='-n'
ECHO_T=''
EGREP='/bin/grep -E'
EXEEXT=''
FGREP='/bin/grep -F'
GREP='/bin/grep'
INSTALL_DATA='${INSTALL} -m 644'
INSTALL_PROGRAM='${INSTALL}'
INSTALL_SCRIPT='${INSTALL}'
INSTALL_STRIP_PROGRAM='$(install_sh) -c -s'
LD='/usr/bin/ld'
LDFLAGS=''
LIBOBJS=''
LIBS=''
LIBTOOL='$(SHELL) $(top_builddir)/libtool'
LIPO=''
LN_S='ln -s'
LTLIBOBJS=''
MAKEINFO='${SHELL} "/home/marcin/Pulpit/Projekt C++/missing" --run makeinfo'
MANIFEST_TOOL=':'
MKDIR_P='/bin/mkdir -p'
NM='/usr/bin/nm -B'
NMEDIT=''
OBJDUMP='objdump'
OBJEXT='o'
OTOOL64=''
OTOOL=''
PACKAGE='tetris'
PACKAGE_BUGREPORT=''
PACKAGE_NAME='tetris'
PACKAGE_STRING='tetris 0.1'
PACKAGE_TARNAME='tetris'
PACKAGE_URL=''
PACKAGE_VERSION='0.1'
PATH_SEPARATOR=':'
PKG_CONFIG='/usr/bin/pkg-config'
PKG_CONFIG_LIBDIR=''
PKG_CONFIG_PATH=''
RANLIB='ranlib'
SED='/bin/sed'
SET_MAKE=''
SHELL='/bin/bash'
STRIP='strip'
TETRIS_CFLAGS='-pthread -I/usr/include/gtkmm-3.0 -I/usr/lib/i386-linux-gnu/gtkmm-3.0/include -I/usr/include/atkmm-1.6 -I/usr/include/giomm-2.4 -I/usr/lib/i386-linux-gnu/giomm-2.4/include -I/usr/include/pangomm-1.4 -I/usr/lib/i386-linux-gnu/pangomm-1.4/include -I/usr/include/gtk-3.0 -I/usr/include/cairomm-1.0 -I/usr/lib/i386-linux-gnu/cairomm-1.0/include -I/usr/include/gdk-pixbuf-2.0 -I/usr/include/gtk-3.0/unix-print -I/usr/include/gdkmm-3.0 -I/usr/lib/i386-linux-gnu/gdkmm-3.0/include -I/usr/include/atk-1.0 -I/usr/include/glibmm-2.4 -I/usr/lib/i386-linux-gnu/glibmm-2.4/include -I/usr/include/glib-2.0 -I/usr/lib/i386-linux-gnu/glib-2.0/include -I/usr/include/sigc++-2.0 -I/usr/lib/i386-linux-gnu/sigc++-2.0/include -I/usr/include/pango-1.0 -I/usr/include/cairo -I/usr/include/pixman-1 -I/usr/include/freetype2 -I/usr/include/libpng12 -I/usr/include/at-spi2-atk/2.0 -I/usr/include/gio-unix-2.0/  '
TETRIS_LIBS='-lgtkmm-3.0 -latkmm-1.6 -lgdkmm-3.0 -lgiomm-2.4 -lpangomm-1.4 -lgtk-3 -lglibmm-2.4 -lcairomm-1.0 -lgdk-3 -latk-1.0 -lgio-2.0 -lpangocairo-1.0 -lgdk_pixbuf-2.0 -lcairo-gobject -lpango-1.0 -lcairo -lsigc-2.0 -lgobject-2.0 -lglib-2.0  '
VERSION='0.1'
ac_ct_AR='ar'
ac_ct_CC='gcc'
ac_ct_CXX='g++'
ac_ct_DUMPBIN=''
am__EXEEXT_FALSE=''
am__EXEEXT_TRUE='#'
am__fastdepCC_FALSE='#'
am__fastdepCC_TRUE=''
am__fastdepCXX_FALSE='#'
am__fastdepCXX_TRUE=''
am__include='include'
am__isrc=''
am__leading_dot='.'
am__nodep='_no'
am__quote=''
am__tar='$${TAR-tar} chof - "$$tardir"'
am__untar='$${TAR-tar} xf -'
bindir='${exec_prefix}/bin'
build='i686-pc-linux-gnu'
build_alias=''
build_cpu='i686'
build_os='linux-gnu'
build_vendor='pc'
datadir='${datarootdir}'
datarootdir='${prefix}/share'
docdir='${datarootdir}/doc/${PACKAGE_TARNAME}'
dvidir='${docdir}'
exec_prefix='${prefix}'
host='i686-pc-linux-gnu'
host_alias=''
host_cpu='i686'
host_os='linux-gnu'
host_vendor='pc'
htmldir='${docdir}'
includedir='${prefix}/include'
infodir='${datarootdir}/info'
install_sh='${SHELL} '\''/home/marcin/Pulpit/Projekt C++/install-sh'\'''
libdir='${exec_prefix}/lib'
libexecdir='${exec_prefix}/libexec'
localedir='${datarootdir}/locale'
localstatedir='${prefix}/var'
mandir='${datarootdir}/man'
mkdir_p='/bin/mkdir -p'
oldincludedir='/usr/include'
pdfdir='${docdir}'
prefix='/usr/local'
program_transform_name='s,x,x,'
psdir='${docdir}'
sbindir='${exec_prefix}/sbin'
sharedstatedir='${prefix}/com'
sysconfdir='${prefix}/etc'
target_alias=''

## ----------- ##
## confdefs.h. ##
## ----------- ##

/* confdefs.h */
#define PACKAGE_NAME "tetris"
#define PACKAGE_TARNAME "tetris"
#define PACKAGE_VERSION "0.1"
#define PACKAGE_STRING "tetris 0.1"
#define PACKAGE_BUGREPORT ""
#define PACKAGE_URL ""
#define PACKAGE "tetris"
#define VERSION "0.1"
#define STDC_HEADERS 1
#define HAVE_SYS_TYPES_H 1
#define HAVE_SYS_STAT_H 1
#define HAVE_STDLIB_H 1
#define HAVE_STRING_H 1
#define HAVE_MEMORY_H 1
#define HAVE_STRINGS_H 1
#define HAVE_INTTYPES_H 1
#define HAVE_STDINT_H 1
#define HAVE_UNISTD_H 1
#define HAVE_DLFCN_H 1
#define LT_OBJDIR ".libs/"

configure: exit 0
